# JRE version: OpenJDK Runtime Environment (8.0_382-b05) (build 1.8.0_382-b05)
# Java VM: OpenJDK 64-Bit Server VM (25.382-b05 mixed mode windows-amd64 compressed oops)
Heap:
 PSYoungGen      total 140800K, used 23932K [0x000000076b600000, 0x000000077c900000, 0x00000007c0000000)
  eden space 130048K, 18% used [0x000000076b600000,0x000000076cd5f078,0x0000000773500000)
  from space 10752K, 0% used [0x0000000773500000,0x0000000773500000,0x0000000773f80000)
  to   space 10752K, 0% used [0x000000077be80000,0x000000077be80000,0x000000077c900000)
 ParOldGen       total 130560K, used 17796K [0x00000006c2200000, 0x00000006ca180000, 0x000000076b600000)
  object space 130560K, 13% used [0x00000006c2200000,0x00000006c33610e8,0x00000006ca180000)
 Metaspace       used 22021K, capacity 22326K, committed 22656K, reserved 1069056K
  class space    used 2766K, capacity 2881K, committed 2944K, reserved 1048576K
GC Heap History (8 events):
Event: 0.562 GC heap before
{Heap before GC invocations=1 (full 0):
 PSYoungGen      total 75776K, used 65024K [0x000000076b600000, 0x0000000770a80000, 0x00000007c0000000)
  eden space 65024K, 100% used [0x000000076b600000,0x000000076f580000,0x000000076f580000)
  from space 10752K, 0% used [0x0000000770000000,0x0000000770000000,0x0000000770a80000)
  to   space 10752K, 0% used [0x000000076f580000,0x000000076f580000,0x0000000770000000)
 ParOldGen       total 173568K, used 0K [0x00000006c2200000, 0x00000006ccb80000, 0x000000076b600000)
  object space 173568K, 0% used [0x00000006c2200000,0x00000006c2200000,0x00000006ccb80000)
 Metaspace       used 9990K, capacity 10140K, committed 10368K, reserved 1058816K
  class space    used 1194K, capacity 1288K, committed 1408K, reserved 1048576K
Event: 0.568 GC heap after
Heap after GC invocations=1 (full 0):
 PSYoungGen      total 75776K, used 10744K [0x000000076b600000, 0x0000000774a00000, 0x00000007c0000000)
  eden space 65024K, 0% used [0x000000076b600000,0x000000076b600000,0x000000076f580000)
  from space 10752K, 99% used [0x000000076f580000,0x000000076fffe080,0x0000000770000000)
  to   space 10752K, 0% used [0x0000000773f80000,0x0000000773f80000,0x0000000774a00000)
 ParOldGen       total 173568K, used 3778K [0x00000006c2200000, 0x00000006ccb80000, 0x000000076b600000)
  object space 173568K, 2% used [0x00000006c2200000,0x00000006c25b0bf8,0x00000006ccb80000)
 Metaspace       used 9990K, capacity 10140K, committed 10368K, reserved 1058816K
  class space    used 1194K, capacity 1288K, committed 1408K, reserved 1048576K
}
Event: 1.099 GC heap before
{Heap before GC invocations=2 (full 0):
 PSYoungGen      total 75776K, used 75768K [0x000000076b600000, 0x0000000774a00000, 0x00000007c0000000)
  eden space 65024K, 100% used [0x000000076b600000,0x000000076f580000,0x000000076f580000)
  from space 10752K, 99% used [0x000000076f580000,0x000000076fffe080,0x0000000770000000)
  to   space 10752K, 0% used [0x0000000773f80000,0x0000000773f80000,0x0000000774a00000)
 ParOldGen       total 173568K, used 3778K [0x00000006c2200000, 0x00000006ccb80000, 0x000000076b600000)
  object space 173568K, 2% used [0x00000006c2200000,0x00000006c25b0bf8,0x00000006ccb80000)
 Metaspace       used 17470K, capacity 17694K, committed 18048K, reserved 1064960K
  class space    used 2227K, capacity 2323K, committed 2432K, reserved 1048576K
Event: 1.109 GC heap after
Heap after GC invocations=2 (full 0):
 PSYoungGen      total 140800K, used 10736K [0x000000076b600000, 0x0000000774a00000, 0x00000007c0000000)
  eden space 130048K, 0% used [0x000000076b600000,0x000000076b600000,0x0000000773500000)
  from space 10752K, 99% used [0x0000000773f80000,0x00000007749fc040,0x0000000774a00000)
  to   space 10752K, 0% used [0x0000000773500000,0x0000000773500000,0x0000000773f80000)
 ParOldGen       total 173568K, used 11894K [0x00000006c2200000, 0x00000006ccb80000, 0x000000076b600000)
  object space 173568K, 6% used [0x00000006c2200000,0x00000006c2d9da28,0x00000006ccb80000)
 Metaspace       used 17470K, capacity 17694K, committed 18048K, reserved 1064960K
  class space    used 2227K, capacity 2323K, committed 2432K, reserved 1048576K
}
Event: 1.555 GC heap before
{Heap before GC invocations=3 (full 0):
 PSYoungGen      total 140800K, used 52552K [0x000000076b600000, 0x0000000774a00000, 0x00000007c0000000)
  eden space 130048K, 32% used [0x000000076b600000,0x000000076ded61c8,0x0000000773500000)
  from space 10752K, 99% used [0x0000000773f80000,0x00000007749fc040,0x0000000774a00000)
  to   space 10752K, 0% used [0x0000000773500000,0x0000000773500000,0x0000000773f80000)
 ParOldGen       total 173568K, used 11894K [0x00000006c2200000, 0x00000006ccb80000, 0x000000076b600000)
  object space 173568K, 6% used [0x00000006c2200000,0x00000006c2d9da28,0x00000006ccb80000)
 Metaspace       used 20841K, capacity 21132K, committed 21248K, reserved 1067008K
  class space    used 2642K, capacity 2746K, committed 2816K, reserved 1048576K
Event: 1.564 GC heap after
Heap after GC invocations=3 (full 0):
 PSYoungGen      total 140800K, used 10745K [0x000000076b600000, 0x000000077c900000, 0x00000007c0000000)
  eden space 130048K, 0% used [0x000000076b600000,0x000000076b600000,0x0000000773500000)
  from space 10752K, 99% used [0x0000000773500000,0x0000000773f7e6e0,0x0000000773f80000)
  to   space 10752K, 0% used [0x000000077be80000,0x000000077be80000,0x000000077c900000)
 ParOldGen       total 173568K, used 17760K [0x00000006c2200000, 0x00000006ccb80000, 0x000000076b600000)
  object space 173568K, 10% used [0x00000006c2200000,0x00000006c3358250,0x00000006ccb80000)
 Metaspace       used 20841K, capacity 21132K, committed 21248K, reserved 1067008K
  class space    used 2642K, capacity 2746K, committed 2816K, reserved 1048576K
}
Event: 1.564 GC heap before
{Heap before GC invocations=4 (full 1):
 PSYoungGen      total 140800K, used 10745K [0x000000076b600000, 0x000000077c900000, 0x00000007c0000000)
  eden space 130048K, 0% used [0x000000076b600000,0x000000076b600000,0x0000000773500000)
  from space 10752K, 99% used [0x0000000773500000,0x0000000773f7e6e0,0x0000000773f80000)
  to   space 10752K, 0% used [0x000000077be80000,0x000000077be80000,0x000000077c900000)
 ParOldGen       total 173568K, used 17760K [0x00000006c2200000, 0x00000006ccb80000, 0x000000076b600000)
  object space 173568K, 10% used [0x00000006c2200000,0x00000006c3358250,0x00000006ccb80000)
 Metaspace       used 20841K, capacity 21132K, committed 21248K, reserved 1067008K
  class space    used 2642K, capacity 2746K, committed 2816K, reserved 1048576K
Event: 1.604 GC heap after
Heap after GC invocations=4 (full 1):
 PSYoungGen      total 140800K, used 0K [0x000000076b600000, 0x000000077c900000, 0x00000007c0000000)
  eden space 130048K, 0% used [0x000000076b600000,0x000000076b600000,0x0000000773500000)
  from space 10752K, 0% used [0x0000000773500000,0x0000000773500000,0x0000000773f80000)
  to   space 10752K, 0% used [0x000000077be80000,0x000000077be80000,0x000000077c900000)
 ParOldGen       total 130560K, used 17796K [0x00000006c2200000, 0x00000006ca180000, 0x000000076b600000)
  object space 130560K, 13% used [0x00000006c2200000,0x00000006c33610e8,0x00000006ca180000)
 Metaspace       used 20841K, capacity 21132K, committed 21248K, reserved 1067008K
  class space    used 2642K, capacity 2746K, committed 2816K, reserved 1048576K
}

